<?xml version="1.0" encoding="UTF-8"?>
<testsuite name="practical1.NumberToolsTest" tests="2" skipped="0" failures="0" errors="0" timestamp="2022-09-26T12:18:13" hostname="LAPTOP-6H6FA790" time="0.032">
  <properties/>
  <testcase name="testParse" classname="practical1.NumberToolsTest" time="0.012"/>
  <testcase name="testComputeStatistic" classname="practical1.NumberToolsTest" time="0.02"/>
  <system-out><![CDATA[]]></system-out>
  <system-err><![CDATA[]]></system-err>
</testsuite>
